<?xml version="1.0" encoding="UTF-8"?>
<!-- Generated by org.testng.reporters.JUnitReportReporter -->
<testsuite skipped="0" hostname="DESKTOP-OLNCKLF" name="TestSelenium.SeleniumMavenTest" tests="1" failures="0" timestamp="2021-09-12T22:47:50 COT" time="110.411" errors="0">
  <testcase name="ejecutaTest" time="110.411" classname="TestSelenium.SeleniumMavenTest"/>
  <system-out/>
</testsuite> <!-- TestSelenium.SeleniumMavenTest -->
