<?xml version="1.0" encoding="UTF-8"?>
<!-- Generated by org.testng.reporters.JUnitReportReporter -->
<testsuite skipped="0" hostname="DESKTOP-OLNCKLF" name="TestSelenium.SeleniumMavenTest" tests="1" failures="0" timestamp="2021-09-19T22:44:16 COT" time="171.379" errors="0">
  <testcase name="ejecutaTest" time="171.379" classname="TestSelenium.SeleniumMavenTest"/>
  <system-out/>
</testsuite> <!-- TestSelenium.SeleniumMavenTest -->
